[2023-12-20 04:25:57] local.ERROR: Command "make:conterller" is not defined.

Did you mean one of these?
    make:cast
    make:channel
    make:command
    make:component
    make:controller
    make:event
    make:exception
    make:factory
    make:job
    make:listener
    make:mail
    make:middleware
    make:migration
    make:model
    make:notification
    make:observer
    make:policy
    make:provider
    make:request
    make:resource
    make:rule
    make:scope
    make:seeder
    make:test
    make:view {"exception":"[object] (Symfony\\Component\\Console\\Exception\\CommandNotFoundException(code: 0): Command \"make:conterller\" is not defined.

Did you mean one of these?
    make:cast
    make:channel
    make:command
    make:component
    make:controller
    make:event
    make:exception
    make:factory
    make:job
    make:listener
    make:mail
    make:middleware
    make:migration
    make:model
    make:notification
    make:observer
    make:policy
    make:provider
    make:request
    make:resource
    make:rule
    make:scope
    make:seeder
    make:test
    make:view at D:\\WEB_DEVELOPMENT\\LARAVEL\\laravel\\vendor\\symfony\\console\\Application.php:737)
[stacktrace]
#0 D:\\WEB_DEVELOPMENT\\LARAVEL\\laravel\\vendor\\symfony\\console\\Application.php(266): Symfony\\Component\\Console\\Application->find('make:conterller')
#1 D:\\WEB_DEVELOPMENT\\LARAVEL\\laravel\\vendor\\symfony\\console\\Application.php(175): Symfony\\Component\\Console\\Application->doRun(Object(Symfony\\Component\\Console\\Input\\ArgvInput), Object(Symfony\\Component\\Console\\Output\\ConsoleOutput))
#2 D:\\WEB_DEVELOPMENT\\LARAVEL\\laravel\\vendor\\laravel\\framework\\src\\Illuminate\\Foundation\\Console\\Kernel.php(201): Symfony\\Component\\Console\\Application->run(Object(Symfony\\Component\\Console\\Input\\ArgvInput), Object(Symfony\\Component\\Console\\Output\\ConsoleOutput))
#3 D:\\WEB_DEVELOPMENT\\LARAVEL\\laravel\\artisan(37): Illuminate\\Foundation\\Console\\Kernel->handle(Object(Symfony\\Component\\Console\\Input\\ArgvInput), Object(Symfony\\Component\\Console\\Output\\ConsoleOutput))
#4 {main}
"} 
[2023-12-20 04:48:48] local.ERROR: syntax error, unexpected variable "$protected", expecting "function" or "const" {"exception":"[object] (Symfony\\Component\\ErrorHandler\\Error\\FatalError(code: 0): syntax error, unexpected variable \"$protected\", expecting \"function\" or \"const\" at D:\\WEB_DEVELOPMENT\\LARAVEL\\laravel\\app\\Models\\Product.php:11)
[stacktrace]
#0 {main}
"} 
[2023-12-20 04:48:56] local.ERROR: syntax error, unexpected token "=", expecting variable {"exception":"[object] (Symfony\\Component\\ErrorHandler\\Error\\FatalError(code: 0): syntax error, unexpected token \"=\", expecting variable at D:\\WEB_DEVELOPMENT\\LARAVEL\\laravel\\app\\Models\\Product.php:11)
[stacktrace]
#0 {main}
"} 
[2023-12-20 04:49:12] local.ERROR: syntax error, unexpected token "}", expecting "," or ";" {"exception":"[object] (Symfony\\Component\\ErrorHandler\\Error\\FatalError(code: 0): syntax error, unexpected token \"}\", expecting \",\" or \";\" at D:\\WEB_DEVELOPMENT\\LARAVEL\\laravel\\app\\Models\\Product.php:16)
[stacktrace]
#0 {main}
"} 
[2023-12-20 04:49:20] local.ERROR: syntax error, unexpected token "}", expecting "," or ";" {"exception":"[object] (Symfony\\Component\\ErrorHandler\\Error\\FatalError(code: 0): syntax error, unexpected token \"}\", expecting \",\" or \";\" at D:\\WEB_DEVELOPMENT\\LARAVEL\\laravel\\app\\Models\\Product.php:16)
[stacktrace]
#0 {main}
"} 
[2023-12-20 04:49:27] local.ERROR: syntax error, unexpected token "}", expecting "," or ";" {"exception":"[object] (Symfony\\Component\\ErrorHandler\\Error\\FatalError(code: 0): syntax error, unexpected token \"}\", expecting \",\" or \";\" at D:\\WEB_DEVELOPMENT\\LARAVEL\\laravel\\app\\Models\\Product.php:17)
[stacktrace]
#0 {main}
"} 
[2023-12-20 04:49:41] local.ERROR: syntax error, unexpected token "}", expecting "," or ";" {"exception":"[object] (Symfony\\Component\\ErrorHandler\\Error\\FatalError(code: 0): syntax error, unexpected token \"}\", expecting \",\" or \";\" at D:\\WEB_DEVELOPMENT\\LARAVEL\\laravel\\app\\Models\\Product.php:19)
[stacktrace]
#0 {main}
"} 
[2023-12-20 04:49:58] local.ERROR: syntax error, unexpected token "}", expecting "," or ";" {"exception":"[object] (Symfony\\Component\\ErrorHandler\\Error\\FatalError(code: 0): syntax error, unexpected token \"}\", expecting \",\" or \";\" at D:\\WEB_DEVELOPMENT\\LARAVEL\\laravel\\app\\Models\\Product.php:20)
[stacktrace]
#0 {main}
"} 
[2023-12-20 04:50:08] local.ERROR: syntax error, unexpected token "}", expecting "," or ";" {"exception":"[object] (Symfony\\Component\\ErrorHandler\\Error\\FatalError(code: 0): syntax error, unexpected token \"}\", expecting \",\" or \";\" at D:\\WEB_DEVELOPMENT\\LARAVEL\\laravel\\app\\Models\\Product.php:19)
[stacktrace]
#0 {main}
"} 
[2023-12-20 04:50:26] local.ERROR: syntax error, unexpected token "}", expecting "," or ";" {"exception":"[object] (Symfony\\Component\\ErrorHandler\\Error\\FatalError(code: 0): syntax error, unexpected token \"}\", expecting \",\" or \";\" at D:\\WEB_DEVELOPMENT\\LARAVEL\\laravel\\app\\Models\\Product.php:19)
[stacktrace]
#0 {main}
"} 
[2023-12-20 04:51:27] local.ERROR: syntax error, unexpected token "}", expecting "," or ";" {"exception":"[object] (Symfony\\Component\\ErrorHandler\\Error\\FatalError(code: 0): syntax error, unexpected token \"}\", expecting \",\" or \";\" at D:\\WEB_DEVELOPMENT\\LARAVEL\\laravel\\app\\Models\\Product.php:19)
[stacktrace]
#0 {main}
"} 
[2023-12-20 04:52:27] local.ERROR: syntax error, unexpected token "}", expecting "," or ";" {"exception":"[object] (Symfony\\Component\\ErrorHandler\\Error\\FatalError(code: 0): syntax error, unexpected token \"}\", expecting \",\" or \";\" at D:\\WEB_DEVELOPMENT\\LARAVEL\\laravel\\app\\Models\\Product.php:19)
[stacktrace]
#0 {main}
"} 
[2023-12-20 04:53:27] local.ERROR: syntax error, unexpected token "}", expecting "," or ";" {"exception":"[object] (Symfony\\Component\\ErrorHandler\\Error\\FatalError(code: 0): syntax error, unexpected token \"}\", expecting \",\" or \";\" at D:\\WEB_DEVELOPMENT\\LARAVEL\\laravel\\app\\Models\\Product.php:19)
[stacktrace]
#0 {main}
"} 
[2023-12-20 04:54:27] local.ERROR: syntax error, unexpected token "}", expecting "," or ";" {"exception":"[object] (Symfony\\Component\\ErrorHandler\\Error\\FatalError(code: 0): syntax error, unexpected token \"}\", expecting \",\" or \";\" at D:\\WEB_DEVELOPMENT\\LARAVEL\\laravel\\app\\Models\\Product.php:19)
[stacktrace]
#0 {main}
"} 
[2023-12-20 04:54:53] local.ERROR: syntax error, unexpected token "}", expecting "," or ";" {"exception":"[object] (Symfony\\Component\\ErrorHandler\\Error\\FatalError(code: 0): syntax error, unexpected token \"}\", expecting \",\" or \";\" at D:\\WEB_DEVELOPMENT\\LARAVEL\\laravel\\app\\Models\\Product.php:18)
[stacktrace]
#0 {main}
"} 
[2023-12-20 05:02:29] local.ERROR: require(D:\WEB_DEVELOPMENT\LARAVEL\laravel\routes/api.php): Failed to open stream: No such file or directory {"exception":"[object] (ErrorException(code: 0): require(D:\\WEB_DEVELOPMENT\\LARAVEL\\laravel\\routes/api.php): Failed to open stream: No such file or directory at D:\\WEB_DEVELOPMENT\\LARAVEL\\laravel\\vendor\\laravel\\framework\\src\\Illuminate\\Routing\\RouteFileRegistrar.php:35)
[stacktrace]
#0 D:\\WEB_DEVELOPMENT\\LARAVEL\\laravel\\vendor\\laravel\\framework\\src\\Illuminate\\Foundation\\Bootstrap\\HandleExceptions.php(254): Illuminate\\Foundation\\Bootstrap\\HandleExceptions->handleError(2, 'require(D:\\\\WEB_...', 'D:\\\\WEB_DEVELOPM...', 35)
#1 D:\\WEB_DEVELOPMENT\\LARAVEL\\laravel\\vendor\\laravel\\framework\\src\\Illuminate\\Routing\\RouteFileRegistrar.php(35): Illuminate\\Foundation\\Bootstrap\\HandleExceptions->Illuminate\\Foundation\\Bootstrap\\{closure}(2, 'require(D:\\\\WEB_...', 'D:\\\\WEB_DEVELOPM...', 35)
#2 D:\\WEB_DEVELOPMENT\\LARAVEL\\laravel\\vendor\\laravel\\framework\\src\\Illuminate\\Routing\\RouteFileRegistrar.php(35): require('D:\\\\WEB_DEVELOPM...')
#3 D:\\WEB_DEVELOPMENT\\LARAVEL\\laravel\\vendor\\laravel\\framework\\src\\Illuminate\\Routing\\Router.php(511): Illuminate\\Routing\\RouteFileRegistrar->register('D:\\\\WEB_DEVELOPM...')
#4 D:\\WEB_DEVELOPMENT\\LARAVEL\\laravel\\vendor\\laravel\\framework\\src\\Illuminate\\Routing\\Router.php(465): Illuminate\\Routing\\Router->loadRoutes('D:\\\\WEB_DEVELOPM...')
#5 D:\\WEB_DEVELOPMENT\\LARAVEL\\laravel\\vendor\\laravel\\framework\\src\\Illuminate\\Routing\\RouteRegistrar.php(194): Illuminate\\Routing\\Router->group(Array, 'D:\\\\WEB_DEVELOPM...')
#6 D:\\WEB_DEVELOPMENT\\LARAVEL\\laravel\\app\\Providers\\RouteServiceProvider.php(34): Illuminate\\Routing\\RouteRegistrar->group('D:\\\\WEB_DEVELOPM...')
#7 D:\\WEB_DEVELOPMENT\\LARAVEL\\laravel\\vendor\\laravel\\framework\\src\\Illuminate\\Container\\BoundMethod.php(36): App\\Providers\\RouteServiceProvider->App\\Providers\\{closure}()
#8 D:\\WEB_DEVELOPMENT\\LARAVEL\\laravel\\vendor\\laravel\\framework\\src\\Illuminate\\Container\\Util.php(41): Illuminate\\Container\\BoundMethod::Illuminate\\Container\\{closure}()
#9 D:\\WEB_DEVELOPMENT\\LARAVEL\\laravel\\vendor\\laravel\\framework\\src\\Illuminate\\Container\\BoundMethod.php(81): Illuminate\\Container\\Util::unwrapIfClosure(Object(Closure))
#10 D:\\WEB_DEVELOPMENT\\LARAVEL\\laravel\\vendor\\laravel\\framework\\src\\Illuminate\\Container\\BoundMethod.php(37): Illuminate\\Container\\BoundMethod::callBoundMethod(Object(Illuminate\\Foundation\\Application), Object(Closure), Object(Closure))
#11 D:\\WEB_DEVELOPMENT\\LARAVEL\\laravel\\vendor\\laravel\\framework\\src\\Illuminate\\Container\\Container.php(662): Illuminate\\Container\\BoundMethod::call(Object(Illuminate\\Foundation\\Application), Object(Closure), Array, NULL)
#12 D:\\WEB_DEVELOPMENT\\LARAVEL\\laravel\\vendor\\laravel\\framework\\src\\Illuminate\\Foundation\\Support\\Providers\\RouteServiceProvider.php(120): Illuminate\\Container\\Container->call(Object(Closure))
#13 D:\\WEB_DEVELOPMENT\\LARAVEL\\laravel\\vendor\\laravel\\framework\\src\\Illuminate\\Foundation\\Support\\Providers\\RouteServiceProvider.php(45): Illuminate\\Foundation\\Support\\Providers\\RouteServiceProvider->loadRoutes()
#14 D:\\WEB_DEVELOPMENT\\LARAVEL\\laravel\\vendor\\laravel\\framework\\src\\Illuminate\\Container\\BoundMethod.php(36): Illuminate\\Foundation\\Support\\Providers\\RouteServiceProvider->Illuminate\\Foundation\\Support\\Providers\\{closure}()
#15 D:\\WEB_DEVELOPMENT\\LARAVEL\\laravel\\vendor\\laravel\\framework\\src\\Illuminate\\Container\\Util.php(41): Illuminate\\Container\\BoundMethod::Illuminate\\Container\\{closure}()
#16 D:\\WEB_DEVELOPMENT\\LARAVEL\\laravel\\vendor\\laravel\\framework\\src\\Illuminate\\Container\\BoundMethod.php(81): Illuminate\\Container\\Util::unwrapIfClosure(Object(Closure))
#17 D:\\WEB_DEVELOPMENT\\LARAVEL\\laravel\\vendor\\laravel\\framework\\src\\Illuminate\\Container\\BoundMethod.php(37): Illuminate\\Container\\BoundMethod::callBoundMethod(Object(Illuminate\\Foundation\\Application), Object(Closure), Object(Closure))
#18 D:\\WEB_DEVELOPMENT\\LARAVEL\\laravel\\vendor\\laravel\\framework\\src\\Illuminate\\Container\\Container.php(662): Illuminate\\Container\\BoundMethod::call(Object(Illuminate\\Foundation\\Application), Object(Closure), Array, NULL)
#19 D:\\WEB_DEVELOPMENT\\LARAVEL\\laravel\\vendor\\laravel\\framework\\src\\Illuminate\\Support\\ServiceProvider.php(119): Illuminate\\Container\\Container->call(Object(Closure))
#20 D:\\WEB_DEVELOPMENT\\LARAVEL\\laravel\\vendor\\laravel\\framework\\src\\Illuminate\\Foundation\\Application.php(1031): Illuminate\\Support\\ServiceProvider->callBootedCallbacks()
#21 D:\\WEB_DEVELOPMENT\\LARAVEL\\laravel\\vendor\\laravel\\framework\\src\\Illuminate\\Foundation\\Application.php(1009): Illuminate\\Foundation\\Application->bootProvider(Object(App\\Providers\\RouteServiceProvider))
#22 [internal function]: Illuminate\\Foundation\\Application->Illuminate\\Foundation\\{closure}(Object(App\\Providers\\RouteServiceProvider), 23)
#23 D:\\WEB_DEVELOPMENT\\LARAVEL\\laravel\\vendor\\laravel\\framework\\src\\Illuminate\\Foundation\\Application.php(1010): array_walk(Array, Object(Closure))
#24 D:\\WEB_DEVELOPMENT\\LARAVEL\\laravel\\vendor\\laravel\\framework\\src\\Illuminate\\Foundation\\Bootstrap\\BootProviders.php(17): Illuminate\\Foundation\\Application->boot()
#25 D:\\WEB_DEVELOPMENT\\LARAVEL\\laravel\\vendor\\laravel\\framework\\src\\Illuminate\\Foundation\\Application.php(261): Illuminate\\Foundation\\Bootstrap\\BootProviders->bootstrap(Object(Illuminate\\Foundation\\Application))
#26 D:\\WEB_DEVELOPMENT\\LARAVEL\\laravel\\vendor\\laravel\\framework\\src\\Illuminate\\Foundation\\Console\\Kernel.php(447): Illuminate\\Foundation\\Application->bootstrapWith(Array)
#27 D:\\WEB_DEVELOPMENT\\LARAVEL\\laravel\\vendor\\laravel\\framework\\src\\Illuminate\\Foundation\\Console\\Kernel.php(199): Illuminate\\Foundation\\Console\\Kernel->bootstrap()
#28 Command line code(1): Illuminate\\Foundation\\Console\\Kernel->handle(Object(Symfony\\Component\\Console\\Input\\ArgvInput), Object(Symfony\\Component\\Console\\Output\\ConsoleOutput))
#29 {main}
"} 
[2023-12-20 05:02:29] local.ERROR: Uncaught Symfony\Component\Finder\Exception\DirectoryNotFoundException: The "D:\WEB_DEVELOPMENT\LARAVEL\laravel\resources\views" directory does not exist. in D:\WEB_DEVELOPMENT\LARAVEL\laravel\vendor\symfony\finder\Finder.php:649
Stack trace:
#0 D:\WEB_DEVELOPMENT\LARAVEL\laravel\vendor\laravel\framework\src\Illuminate\Filesystem\Filesystem.php(585): Symfony\Component\Finder\Finder->in('D:\\WEB_DEVELOPM...')
#1 Command line code(1): Illuminate\Filesystem\Filesystem->files('D:\\WEB_DEVELOPM...')
#2 Command line code(1): getViews('D:\\WEB_DEVELOPM...', Object(Illuminate\Filesystem\Filesystem))
#3 {main}
  thrown {"exception":"[object] (Symfony\\Component\\ErrorHandler\\Error\\FatalError(code: 0): Uncaught Symfony\\Component\\Finder\\Exception\\DirectoryNotFoundException: The \"D:\\WEB_DEVELOPMENT\\LARAVEL\\laravel\\resources\\views\" directory does not exist. in D:\\WEB_DEVELOPMENT\\LARAVEL\\laravel\\vendor\\symfony\\finder\\Finder.php:649
Stack trace:
#0 D:\\WEB_DEVELOPMENT\\LARAVEL\\laravel\\vendor\\laravel\\framework\\src\\Illuminate\\Filesystem\\Filesystem.php(585): Symfony\\Component\\Finder\\Finder->in('D:\\\\WEB_DEVELOPM...')
#1 Command line code(1): Illuminate\\Filesystem\\Filesystem->files('D:\\\\WEB_DEVELOPM...')
#2 Command line code(1): getViews('D:\\\\WEB_DEVELOPM...', Object(Illuminate\\Filesystem\\Filesystem))
#3 {main}
  thrown at D:\\WEB_DEVELOPMENT\\LARAVEL\\laravel\\vendor\\symfony\\finder\\Finder.php:649)
[stacktrace]
#0 {main}
"} 
